<?xml version="1.0" encoding="UTF-8"?>
<!-- Generated by org.testng.reporters.JUnitReportReporter -->
<testsuite skipped="0" hostname="jay" name="qaclickacademy.Mavenjava.RestApiTest" tests="2" failures="0" timestamp="18 Dec 2020 04:12:30 GMT" time="0.005" errors="0">
  <testcase name="deleteTwitter" time="0.005" classname="qaclickacademy.Mavenjava.RestApiTest"/>
  <testcase name="postJira" time="0.000" classname="qaclickacademy.Mavenjava.RestApiTest"/>
</testsuite> <!-- qaclickacademy.Mavenjava.RestApiTest -->
